<?xml version="1.0" encoding="UTF-8"?>
<beans xmlns="http://www.springframework.org/schema/beans"
       xmlns:xsi="http://www.w3.org/2001/XMLSchema-instance"
       xsi:schemaLocation="http://www.springframework.org/schema/beans http://www.springframework.org/schema/beans/spring-beans.xsd">
    <bean name="rootDir" class="java.nio.file.Files" factory-method="createTempDirectory" scope="prototype">
        <constructor-arg index="0" value="UrlDatabase_temp_" type="java.lang.String"/>
        <constructor-arg index="1">
            <array value-type="java.nio.file.attribute.FileAttribute"/>
        </constructor-arg>
    </bean>
    <bean name="urlCoder" class="ru.yaal.project.urldatabase.storage.UrlCoder" scope="prototype">
        <constructor-arg name="root" ref="rootDir"/>
        <constructor-arg ref="sha-1"/>
    </bean>
    <bean name="urlStorage" class="ru.yaal.project.urldatabase.storage.UrlStorage" scope="prototype">
        <constructor-arg name="coder" ref="urlCoder"/>
        <constructor-arg name="dateFormat" ref="dateFormat"/>
    </bean>
    <bean name="dateStorage" class="ru.yaal.project.urldatabase.storage.DateStorage" scope="prototype">
        <constructor-arg name="urlStorage" ref="urlStorage"/>
    </bean>
    <bean name="testLoadable" class="ru.yaal.project.urldatabase.loadable.TestLoadableFactory" scope="prototype"/>
</beans>